total 5120
-rwxr-xr-x  1 root  wheel    22K Sep 20 23:17 [
-r-xr-xr-x  1 root  wheel   604K Sep 20 23:17 bash
-rwxr-xr-x  1 root  wheel    23K Sep 20 23:17 cat
-rwxr-xr-x  1 root  wheel    33K Sep 20 23:17 chmod
-rwxr-xr-x  1 root  wheel    28K Sep 20 23:17 cp
-rwxr-xr-x  1 root  wheel   371K Sep 20 23:17 csh
-rwxr-xr-x  1 root  wheel    28K Sep 20 23:17 date
-rwxr-xr-x  1 root  wheel    31K Sep 20 23:17 dd
-rwxr-xr-x  1 root  wheel    23K Sep 20 23:17 df
-rwxr-xr-x  1 root  wheel    18K Sep 20 23:17 echo
-rwxr-xr-x  1 root  wheel    53K Sep 20 23:17 ed
-rwxr-xr-x  1 root  wheel    23K Sep 20 23:17 expr
-rwxr-xr-x  1 root  wheel    18K Sep 20 23:17 hostname
-rwxr-xr-x  1 root  wheel    18K Sep 20 23:17 kill
-r-xr-xr-x  1 root  wheel   1.2M Sep 20 23:17 ksh
-rwxr-xr-x  1 root  wheel   118K Sep 20 23:17 launchctl
-rwxr-xr-x  1 root  wheel    19K Sep 20 23:17 link
-rwxr-xr-x  1 root  wheel    19K Sep 20 23:17 ln
-rwxr-xr-x  1 root  wheel    38K Sep 20 23:17 ls
-rwxr-xr-x  1 root  wheel    18K Sep 20 23:17 mkdir
-rwxr-xr-x  1 root  wheel    24K Sep 20 23:17 mv
-rwxr-xr-x  1 root  wheel   109K Sep 20 23:17 pax
-rwsr-xr-x  1 root  wheel    50K Sep 20 23:17 ps
-rwxr-xr-x  1 root  wheel    18K Sep 20 23:17 pwd
-rwxr-xr-x  1 root  wheel    23K Sep 20 23:17 rm
-rwxr-xr-x  1 root  wheel    18K Sep 20 23:17 rmdir
-r-xr-xr-x  1 root  wheel   604K Sep 20 23:17 sh
-rwxr-xr-x  1 root  wheel    18K Sep 20 23:17 sleep
-rwxr-xr-x  1 root  wheel    31K Sep 20 23:17 stty
-rwxr-xr-x  1 root  wheel    41K Sep 20 23:17 sync
-rwxr-xr-x  1 root  wheel   371K Sep 20 23:17 tcsh
-rwxr-xr-x  1 root  wheel    22K Sep 20 23:17 test
-rwxr-xr-x  1 root  wheel    23K Sep 20 23:17 unlink
-rwxr-xr-x  1 root  wheel    42K Sep 20 23:17 wait4path
-rwxr-xr-x  1 root  wheel   596K Sep 20 23:17 zsh
